<?xml version="1.0" encoding="UTF-8"?>
<!-- Generated by org.testng.reporters.JUnitReportReporter -->
<testsuite skipped="0" hostname="bhaskar-itwine-PC" name="maven.maven" tests="1" failures="0" timestamp="27 Jun 2018 12:50:51 GMT" time="52.835" errors="1">
  <testcase name="login" time="52.835" classname="maven.maven">
    <error type="org.openqa.selenium.WebDriverException" message="Failed to connect to binary FirefoxBinary(C:\Program Files (x86)\Mozilla Firefox\firefox.exe) on port 7055; process output follows: 
9604},&quot;websensehelper@mozilla.org&quot;:{&quot;d&quot;:&quot;C:\\Program Files (x86)\\Mozilla Firefox\\browser\\features\\websensehelper@mozilla.org.xpi&quot;,&quot;e&quot;:true,&quot;v&quot;:&quot;1.0&quot;,&quot;st&quot;:1530085059410}},&quot;app-global&quot;:{&quot;{972ce4c6-7e08-4474-a285-3208198ce6fd}&quot;:{&quot;d&quot;:&quot;C:\\Program Files (x86)\\Mozilla Firefox\\browser\\extensions\\{972ce4c6-7e08-4474-a285-3208198ce6fd}.xpi&quot;,&quot;e&quot;:true,&quot;v&quot;:&quot;47.0.2&quot;,&quot;st&quot;:1530085059677}},&quot;winreg-app-global&quot;:{&quot;FT.FirefoxAgent@microfocus.com&quot;:{&quot;d&quot;:&quot;C:\\Program Files (x86)\\HPE\\Unified Functional Testing\\\\Installations\\Firefox\\WebExtension.xpi&quot;,&quot;e&quot;:false,&quot;v&quot;:&quot;14.3.3501.1&quot;,&quot;st&quot;:1518526587000}}}
1530103805863	addons.xpi	DEBUG	No changes found
1530103805870	addons.xpi	DEBUG	Registering manifest for C:\Program Files (x86)\Mozilla Firefox\browser\features\e10srollout@mozilla.org.xpi
1530103805871	addons.xpi	DEBUG	Loading bootstrap scope from C:\Program Files (x86)\Mozilla Firefox\browser\features\e10srollout@mozilla.org.xpi
1530103805889	addons.xpi	DEBUG	Calling bootstrap method startup on e10srollout@mozilla.org version 1.0
1530103805890	addons.xpi	DEBUG	Registering manifest for C:\Program Files (x86)\Mozilla Firefox\browser\features\firefox@getpocket.com.xpi
1530103805891	addons.xpi	DEBUG	Loading bootstrap scope from C:\Program Files (x86)\Mozilla Firefox\browser\features\firefox@getpocket.com.xpi
1530103805899	addons.xpi	DEBUG	Calling bootstrap method startup on firefox@getpocket.com version 1.0.2
1530103805912	addons.xpi-utils	DEBUG	Starting async load of XPI database C:\Users\ITWINE~1\AppData\Local\Temp\anonymous275999162790077771webdriver-profile\extensions.json
1530103805913	addons.xpi	DEBUG	Registering manifest for C:\Program Files (x86)\Mozilla Firefox\browser\features\loop@mozilla.org.xpi
1530103805914	addons.xpi	DEBUG	Loading bootstrap scope from C:\Program Files (x86)\Mozilla Firefox\browser\features\loop@mozilla.org.xpi
1530103805926	addons.xpi	DEBUG	Calling bootstrap method startup on loop@mozilla.org version 1.3.2
1530103805953	addons.xpi	DEBUG	Registering manifest for C:\Program Files (x86)\Mozilla Firefox\browser\features\websensehelper@mozilla.org.xpi
1530103805953	addons.xpi	DEBUG	Loading bootstrap scope from C:\Program Files (x86)\Mozilla Firefox\browser\features\websensehelper@mozilla.org.xpi
1530103805959	addons.xpi	DEBUG	Calling bootstrap method startup on websensehelper@mozilla.org version 1.0
1530103805963	addons.manager	DEBUG	Registering shutdown blocker for XPIProvider
1530103805964	addons.manager	DEBUG	Provider finished startup: XPIProvider
1530103805964	addons.manager	DEBUG	Starting provider: LightweightThemeManager
1530103805964	addons.manager	DEBUG	Registering shutdown blocker for LightweightThemeManager
1530103805964	addons.manager	DEBUG	Provider finished startup: LightweightThemeManager
1530103805965	addons.manager	DEBUG	Starting provider: GMPProvider
1530103805974	addons.manager	DEBUG	Registering shutdown blocker for GMPProvider
1530103805975	addons.manager	DEBUG	Provider finished startup: GMPProvider
1530103805975	addons.manager	DEBUG	Starting provider: PluginProvider
1530103805975	addons.manager	DEBUG	Registering shutdown blocker for PluginProvider
1530103805975	addons.manager	DEBUG	Provider finished startup: PluginProvider
1530103805976	addons.manager	DEBUG	Completed startup sequence
1530103806448	addons.xpi-utils	DEBUG	Async JSON file read took 0 MS
1530103806448	addons.xpi-utils	DEBUG	Finished async read of XPI database, parsing...
1530103806451	addons.xpi-utils	DEBUG	Successfully read XPI database
1530103806466	addons.manager	DEBUG	Starting provider: &lt;unnamed-provider&gt;
1530103806466	addons.manager	DEBUG	Registering shutdown blocker for &lt;unnamed-provider&gt;
1530103806467	addons.manager	DEBUG	Provider finished startup: &lt;unnamed-provider&gt;
*** Blocklist::_loadBlocklistFromFile: blocklist is disabled
1530103806609	addons.manager	DEBUG	Starting provider: PreviousExperimentProvider
1530103806609	addons.manager	DEBUG	Registering shutdown blocker for PreviousExperimentProvider
1530103806610	addons.manager	DEBUG	Provider finished startup: PreviousExperimentProvider

Build info: version: &#039;2.45.0&#039;, revision: &#039;32a636c&#039;, time: &#039;2015-03-05 22:01:35&#039;
System info: host: &#039;bhaskar-itwine-PC&#039;, ip: &#039;192.168.0.103&#039;, os.name: &#039;Windows 7&#039;, os.arch: &#039;amd64&#039;, os.version: &#039;6.1&#039;, java.version: &#039;1.8.0_171&#039;
Driver info: driver.version: FirefoxDriver">
      <![CDATA[org.openqa.selenium.WebDriverException: Failed to connect to binary FirefoxBinary(C:\Program Files (x86)\Mozilla Firefox\firefox.exe) on port 7055; process output follows: 
9604},"websensehelper@mozilla.org":{"d":"C:\\Program Files (x86)\\Mozilla Firefox\\browser\\features\\websensehelper@mozilla.org.xpi","e":true,"v":"1.0","st":1530085059410}},"app-global":{"{972ce4c6-7e08-4474-a285-3208198ce6fd}":{"d":"C:\\Program Files (x86)\\Mozilla Firefox\\browser\\extensions\\{972ce4c6-7e08-4474-a285-3208198ce6fd}.xpi","e":true,"v":"47.0.2","st":1530085059677}},"winreg-app-global":{"FT.FirefoxAgent@microfocus.com":{"d":"C:\\Program Files (x86)\\HPE\\Unified Functional Testing\\\\Installations\\Firefox\\WebExtension.xpi","e":false,"v":"14.3.3501.1","st":1518526587000}}}
1530103805863addons.xpiDEBUGNo changes found
1530103805870addons.xpiDEBUGRegistering manifest for C:\Program Files (x86)\Mozilla Firefox\browser\features\e10srollout@mozilla.org.xpi
1530103805871addons.xpiDEBUGLoading bootstrap scope from C:\Program Files (x86)\Mozilla Firefox\browser\features\e10srollout@mozilla.org.xpi
1530103805889addons.xpiDEBUGCalling bootstrap method startup on e10srollout@mozilla.org version 1.0
1530103805890addons.xpiDEBUGRegistering manifest for C:\Program Files (x86)\Mozilla Firefox\browser\features\firefox@getpocket.com.xpi
1530103805891addons.xpiDEBUGLoading bootstrap scope from C:\Program Files (x86)\Mozilla Firefox\browser\features\firefox@getpocket.com.xpi
1530103805899addons.xpiDEBUGCalling bootstrap method startup on firefox@getpocket.com version 1.0.2
1530103805912addons.xpi-utilsDEBUGStarting async load of XPI database C:\Users\ITWINE~1\AppData\Local\Temp\anonymous275999162790077771webdriver-profile\extensions.json
1530103805913addons.xpiDEBUGRegistering manifest for C:\Program Files (x86)\Mozilla Firefox\browser\features\loop@mozilla.org.xpi
1530103805914addons.xpiDEBUGLoading bootstrap scope from C:\Program Files (x86)\Mozilla Firefox\browser\features\loop@mozilla.org.xpi
1530103805926addons.xpiDEBUGCalling bootstrap method startup on loop@mozilla.org version 1.3.2
1530103805953addons.xpiDEBUGRegistering manifest for C:\Program Files (x86)\Mozilla Firefox\browser\features\websensehelper@mozilla.org.xpi
1530103805953addons.xpiDEBUGLoading bootstrap scope from C:\Program Files (x86)\Mozilla Firefox\browser\features\websensehelper@mozilla.org.xpi
1530103805959addons.xpiDEBUGCalling bootstrap method startup on websensehelper@mozilla.org version 1.0
1530103805963addons.managerDEBUGRegistering shutdown blocker for XPIProvider
1530103805964addons.managerDEBUGProvider finished startup: XPIProvider
1530103805964addons.managerDEBUGStarting provider: LightweightThemeManager
1530103805964addons.managerDEBUGRegistering shutdown blocker for LightweightThemeManager
1530103805964addons.managerDEBUGProvider finished startup: LightweightThemeManager
1530103805965addons.managerDEBUGStarting provider: GMPProvider
1530103805974addons.managerDEBUGRegistering shutdown blocker for GMPProvider
1530103805975addons.managerDEBUGProvider finished startup: GMPProvider
1530103805975addons.managerDEBUGStarting provider: PluginProvider
1530103805975addons.managerDEBUGRegistering shutdown blocker for PluginProvider
1530103805975addons.managerDEBUGProvider finished startup: PluginProvider
1530103805976addons.managerDEBUGCompleted startup sequence
1530103806448addons.xpi-utilsDEBUGAsync JSON file read took 0 MS
1530103806448addons.xpi-utilsDEBUGFinished async read of XPI database, parsing...
1530103806451addons.xpi-utilsDEBUGSuccessfully read XPI database
1530103806466addons.managerDEBUGStarting provider: <unnamed-provider>
1530103806466addons.managerDEBUGRegistering shutdown blocker for <unnamed-provider>
1530103806467addons.managerDEBUGProvider finished startup: <unnamed-provider>
*** Blocklist::_loadBlocklistFromFile: blocklist is disabled
1530103806609addons.managerDEBUGStarting provider: PreviousExperimentProvider
1530103806609addons.managerDEBUGRegistering shutdown blocker for PreviousExperimentProvider
1530103806610addons.managerDEBUGProvider finished startup: PreviousExperimentProvider

Build info: version: '2.45.0', revision: '32a636c', time: '2015-03-05 22:01:35'
System info: host: 'bhaskar-itwine-PC', ip: '192.168.0.103', os.name: 'Windows 7', os.arch: 'amd64', os.version: '6.1', java.version: '1.8.0_171'
Driver info: driver.version: FirefoxDriver
at org.openqa.selenium.firefox.internal.NewProfileExtensionConnection.start(NewProfileExtensionConnection.java:130)
at org.openqa.selenium.firefox.FirefoxDriver.startClient(FirefoxDriver.java:246)
at org.openqa.selenium.remote.RemoteWebDriver.<init>(RemoteWebDriver.java:114)
at org.openqa.selenium.firefox.FirefoxDriver.<init>(FirefoxDriver.java:193)
at org.openqa.selenium.firefox.FirefoxDriver.<init>(FirefoxDriver.java:186)
at org.openqa.selenium.firefox.FirefoxDriver.<init>(FirefoxDriver.java:182)
at org.openqa.selenium.firefox.FirefoxDriver.<init>(FirefoxDriver.java:95)
at maven.maven.login(maven.java:16)
at sun.reflect.NativeMethodAccessorImpl.invoke0(Native Method)
at sun.reflect.NativeMethodAccessorImpl.invoke(Unknown Source)
at sun.reflect.DelegatingMethodAccessorImpl.invoke(Unknown Source)
at java.lang.reflect.Method.invoke(Unknown Source)
at org.testng.internal.MethodInvocationHelper.invokeMethod(MethodInvocationHelper.java:124)
at org.testng.internal.Invoker.invokeMethod(Invoker.java:580)
at org.testng.internal.Invoker.invokeTestMethod(Invoker.java:716)
at org.testng.internal.Invoker.invokeTestMethods(Invoker.java:988)
at org.testng.internal.TestMethodWorker.invokeTestMethods(TestMethodWorker.java:125)
at org.testng.internal.TestMethodWorker.run(TestMethodWorker.java:109)
at org.testng.TestRunner.privateRun(TestRunner.java:648)
at org.testng.TestRunner.run(TestRunner.java:505)
at org.testng.SuiteRunner.runTest(SuiteRunner.java:455)
at org.testng.SuiteRunner.runSequentially(SuiteRunner.java:450)
at org.testng.SuiteRunner.privateRun(SuiteRunner.java:415)
at org.testng.SuiteRunner.run(SuiteRunner.java:364)
at org.testng.SuiteRunnerWorker.runSuite(SuiteRunnerWorker.java:52)
at org.testng.SuiteRunnerWorker.run(SuiteRunnerWorker.java:84)
at org.testng.TestNG.runSuitesSequentially(TestNG.java:1208)
at org.testng.TestNG.runSuitesLocally(TestNG.java:1137)
at org.testng.TestNG.runSuites(TestNG.java:1049)
at org.testng.TestNG.run(TestNG.java:1017)
at org.testng.remote.AbstractRemoteTestNG.run(AbstractRemoteTestNG.java:114)
at org.testng.remote.RemoteTestNG.initAndRun(RemoteTestNG.java:251)
at org.testng.remote.RemoteTestNG.main(RemoteTestNG.java:77)
Caused by: org.openqa.selenium.firefox.NotConnectedException: Unable to connect to host 127.0.0.1 on port 7055 after 45000 ms. Firefox console output:
9604},"websensehelper@mozilla.org":{"d":"C:\\Program Files (x86)\\Mozilla Firefox\\browser\\features\\websensehelper@mozilla.org.xpi","e":true,"v":"1.0","st":1530085059410}},"app-global":{"{972ce4c6-7e08-4474-a285-3208198ce6fd}":{"d":"C:\\Program Files (x86)\\Mozilla Firefox\\browser\\extensions\\{972ce4c6-7e08-4474-a285-3208198ce6fd}.xpi","e":true,"v":"47.0.2","st":1530085059677}},"winreg-app-global":{"FT.FirefoxAgent@microfocus.com":{"d":"C:\\Program Files (x86)\\HPE\\Unified Functional Testing\\\\Installations\\Firefox\\WebExtension.xpi","e":false,"v":"14.3.3501.1","st":1518526587000}}}
1530103805863addons.xpiDEBUGNo changes found
1530103805870addons.xpiDEBUGRegistering manifest for C:\Program Files (x86)\Mozilla Firefox\browser\features\e10srollout@mozilla.org.xpi
1530103805871addons.xpiDEBUGLoading bootstrap scope from C:\Program Files (x86)\Mozilla Firefox\browser\features\e10srollout@mozilla.org.xpi
1530103805889addons.xpiDEBUGCalling bootstrap method startup on e10srollout@mozilla.org version 1.0
1530103805890addons.xpiDEBUGRegistering manifest for C:\Program Files (x86)\Mozilla Firefox\browser\features\firefox@getpocket.com.xpi
1530103805891addons.xpiDEBUGLoading bootstrap scope from C:\Program Files (x86)\Mozilla Firefox\browser\features\firefox@getpocket.com.xpi
1530103805899addons.xpiDEBUGCalling bootstrap method startup on firefox@getpocket.com version 1.0.2
1530103805912addons.xpi-utilsDEBUGStarting async load of XPI database C:\Users\ITWINE~1\AppData\Local\Temp\anonymous275999162790077771webdriver-profile\extensions.json
1530103805913addons.xpiDEBUGRegistering manifest for C:\Program Files (x86)\Mozilla Firefox\browser\features\loop@mozilla.org.xpi
1530103805914addons.xpiDEBUGLoading bootstrap scope from C:\Program Files (x86)\Mozilla Firefox\browser\features\loop@mozilla.org.xpi
1530103805926addons.xpiDEBUGCalling bootstrap method startup on loop@mozilla.org version 1.3.2
1530103805953addons.xpiDEBUGRegistering manifest for C:\Program Files (x86)\Mozilla Firefox\browser\features\websensehelper@mozilla.org.xpi
1530103805953addons.xpiDEBUGLoading bootstrap scope from C:\Program Files (x86)\Mozilla Firefox\browser\features\websensehelper@mozilla.org.xpi
1530103805959addons.xpiDEBUGCalling bootstrap method startup on websensehelper@mozilla.org version 1.0
1530103805963addons.managerDEBUGRegistering shutdown blocker for XPIProvider
1530103805964addons.managerDEBUGProvider finished startup: XPIProvider
1530103805964addons.managerDEBUGStarting provider: LightweightThemeManager
1530103805964addons.managerDEBUGRegistering shutdown blocker for LightweightThemeManager
1530103805964addons.managerDEBUGProvider finished startup: LightweightThemeManager
1530103805965addons.managerDEBUGStarting provider: GMPProvider
1530103805974addons.managerDEBUGRegistering shutdown blocker for GMPProvider
1530103805975addons.managerDEBUGProvider finished startup: GMPProvider
1530103805975addons.managerDEBUGStarting provider: PluginProvider
1530103805975addons.managerDEBUGRegistering shutdown blocker for PluginProvider
1530103805975addons.managerDEBUGProvider finished startup: PluginProvider
1530103805976addons.managerDEBUGCompleted startup sequence
1530103806448addons.xpi-utilsDEBUGAsync JSON file read took 0 MS
1530103806448addons.xpi-utilsDEBUGFinished async read of XPI database, parsing...
1530103806451addons.xpi-utilsDEBUGSuccessfully read XPI database
1530103806466addons.managerDEBUGStarting provider: <unnamed-provider>
1530103806466addons.managerDEBUGRegistering shutdown blocker for <unnamed-provider>
1530103806467addons.managerDEBUGProvider finished startup: <unnamed-provider>
*** Blocklist::_loadBlocklistFromFile: blocklist is disabled
1530103806609addons.managerDEBUGStarting provider: PreviousExperimentProvider
1530103806609addons.managerDEBUGRegistering shutdown blocker for PreviousExperimentProvider
1530103806610addons.managerDEBUGProvider finished startup: PreviousExperimentProvider

at org.openqa.selenium.firefox.internal.NewProfileExtensionConnection.start(NewProfileExtensionConnection.java:118)
... 32 more
]]>
    </error>
  </testcase> <!-- login -->
</testsuite> <!-- maven.maven -->
